<?xml version="1.0" encoding="UTF-8"?>
<!-- Generated by org.testng.reporters.JUnitXMLReporter -->
<testsuite ignored="0" hostname="Sanju" failures="0" tests="4" name="Test" time="1.803" errors="0" timestamp="2025-04-12T20:33:00 IST">
  <testcase classname="P9_FakerLibrary_APIChaining.stu1_CreateUser" name="TC1_CreateUser" time="1.625"/>
  <testcase classname="P9_FakerLibrary_APIChaining.stu2_GetUser" name="TC2_GetUser" time="0.077"/>
  <testcase classname="P9_FakerLibrary_APIChaining.stu3_UpdateUser" name="TC3_UpdateUser" time="0.048"/>
  <testcase classname="P9_FakerLibrary_APIChaining.stu4_DeleteUser" name="TC4_DeleteUser" time="0.024"/>
</testsuite> <!-- Test -->
